[11:08:24] [Client thread/ERROR]: Can't find the resource index file: assets\indexes\1.8.json
[11:08:24] [Client thread/INFO]: Session:LEGACY
[11:08:24] [Client thread/INFO]: Setting user: Player1234
[11:08:24] [Client thread/INFO]: (Session ID is token:0:Player1234)
[11:08:24] [Client thread/INFO]: [OptiFine] *** Reflector Forge ***
[11:08:24] [Client thread/INFO]: [OptiFine] (Reflector) Class not present: net.minecraftforge.client.model.Attributes
[11:08:24] [Client thread/INFO]: [OptiFine] (Reflector) Class not present: mods.betterfoliage.client.BetterFoliageClient
[11:08:24] [Client thread/INFO]: [OptiFine] (Reflector) Class not present: net.minecraftforge.fml.common.asm.transformers.BlamingTransformer
[11:08:24] [Client thread/INFO]: [OptiFine] (Reflector) Class not present: net.minecraftforge.event.world.ChunkWatchEvent$UnWatch
[11:08:24] [Client thread/INFO]: [OptiFine] (Reflector) Class not present: net.minecraftforge.fml.relauncher.CoreModManager
[11:08:24] [Client thread/INFO]: [OptiFine] (Reflector) Class not present: net.minecraftforge.common.DimensionManager
[11:08:24] [Client thread/INFO]: [OptiFine] (Reflector) Class not present: net.minecraftforge.client.event.GuiScreenEvent$DrawScreenEvent$Pre
[11:08:24] [Client thread/INFO]: [OptiFine] (Reflector) Class not present: net.minecraftforge.client.event.GuiScreenEvent$DrawScreenEvent$Post
[11:08:24] [Client thread/INFO]: [OptiFine] (Reflector) Class not present: net.minecraftforge.client.event.EntityViewRenderEvent$CameraSetup
[11:08:24] [Client thread/INFO]: [OptiFine] (Reflector) Class not present: net.minecraftforge.client.event.EntityViewRenderEvent$FogColors
[11:08:24] [Client thread/INFO]: [OptiFine] (Reflector) Class not present: net.minecraftforge.fml.common.eventhandler.Event
[11:08:24] [Client thread/INFO]: [OptiFine] (Reflector) Class not present: net.minecraftforge.fml.common.eventhandler.EventBus
[11:08:24] [Client thread/INFO]: [OptiFine] (Reflector) Class not present: net.minecraftforge.fml.common.eventhandler.Event$Result
[11:08:24] [Client thread/INFO]: [OptiFine] (Reflector) Class not present: net.minecraftforge.common.property.ExtendedBlockState
[11:08:24] [Client thread/INFO]: [OptiFine] (Reflector) Class not present: net.minecraftforge.fml.client.FMLClientHandler
[11:08:24] [Client thread/INFO]: [OptiFine] (Reflector) Class not present: net.minecraftforge.fml.common.FMLCommonHandler
[11:08:24] [Client thread/INFO]: [OptiFine] (Reflector) Method not present: net.minecraft.world.biome.BiomeGenBase.getWaterColorMultiplier
[11:08:24] [Client thread/INFO]: [OptiFine] (Reflector) Method not present: net.minecraft.block.Block.addDestroyEffects
[11:08:24] [Client thread/INFO]: [OptiFine] (Reflector) Method not present: net.minecraft.block.Block.addHitEffects
[11:08:24] [Client thread/INFO]: [OptiFine] (Reflector) Method not present: net.minecraft.block.Block.canCreatureSpawn
[11:08:24] [Client thread/INFO]: [OptiFine] (Reflector) Method not present: net.minecraft.block.Block.canRenderInLayer
[11:08:24] [Client thread/INFO]: [OptiFine] (Reflector) Method not present: net.minecraft.block.Block.doesSideBlockRendering
[11:08:24] [Client thread/INFO]: [OptiFine] (Reflector) Method not present: net.minecraft.block.Block.getBedDirection
[11:08:24] [Client thread/INFO]: [OptiFine] (Reflector) Method not present: net.minecraft.block.Block.getExtendedState
[11:08:24] [Client thread/INFO]: [OptiFine] (Reflector) Method not present: net.minecraft.block.Block.hasTileEntity
[11:08:24] [Client thread/INFO]: [OptiFine] (Reflector) Method not present: net.minecraft.block.Block.isAir
[11:08:24] [Client thread/INFO]: [OptiFine] (Reflector) Method not present: net.minecraft.block.Block.isBed
[11:08:24] [Client thread/INFO]: [OptiFine] (Reflector) Method not present: net.minecraft.block.Block.isBedFoot
[11:08:24] [Client thread/INFO]: [OptiFine] (Reflector) Method not present: net.minecraft.block.Block.isSideSolid
[11:08:24] [Client thread/INFO]: [OptiFine] (Reflector) Method not present: net.minecraft.entity.Entity.canRiderInteract
[11:08:24] [Client thread/INFO]: [OptiFine] (Reflector) Field not present: net.minecraft.entity.Entity.captureDrops
[11:08:24] [Client thread/INFO]: [OptiFine] (Reflector) Field not present: net.minecraft.entity.Entity.capturedDrops
[11:08:24] [Client thread/INFO]: [OptiFine] (Reflector) Method not present: net.minecraft.entity.Entity.shouldRenderInPass
[11:08:24] [Client thread/INFO]: [OptiFine] (Reflector) Method not present: net.minecraft.entity.Entity.shouldRiderSit
[11:08:24] [Client thread/INFO]: [OptiFine] (Reflector) Class not present: net.minecraftforge.event.ForgeEventFactory
[11:08:24] [Client thread/INFO]: [OptiFine] (Reflector) Class not present: net.minecraftforge.common.ForgeHooks
[11:08:24] [Client thread/INFO]: [OptiFine] (Reflector) Class not present: net.minecraftforge.client.ForgeHooksClient
[11:08:24] [Client thread/INFO]: [OptiFine] (Reflector) Method not present: net.minecraft.item.Item.getDurabilityForDisplay
[11:08:24] [Client thread/INFO]: [OptiFine] (Reflector) Method not present: net.minecraft.item.Item.getModel
[11:08:24] [Client thread/INFO]: [OptiFine] (Reflector) Method not present: net.minecraft.item.Item.onEntitySwing
[11:08:24] [Client thread/INFO]: [OptiFine] (Reflector) Method not present: net.minecraft.item.Item.shouldCauseReequipAnimation
[11:08:24] [Client thread/INFO]: [OptiFine] (Reflector) Method not present: net.minecraft.item.Item.showDurabilityBar
[11:08:24] [Client thread/INFO]: [OptiFine] (Reflector) Method not present: net.minecraft.item.ItemRecord.getRecordResource
[11:08:24] [Client thread/INFO]: [OptiFine] (Reflector) Class not present: net.minecraftforge.common.ForgeModContainer
[11:08:24] [Client thread/INFO]: [OptiFine] (Reflector) Method not present: net.minecraft.potion.PotionEffect.isCurativeItem
[11:08:24] [Client thread/INFO]: [OptiFine] (Reflector) Method not present: net.minecraft.tileentity.TileEntity.canRenderBreaking
[11:08:24] [Client thread/INFO]: [OptiFine] (Reflector) Method not present: net.minecraft.tileentity.TileEntity.getRenderBoundingBox
[11:08:24] [Client thread/INFO]: [OptiFine] (Reflector) Method not present: net.minecraft.tileentity.TileEntity.hasFastRenderer
[11:08:24] [Client thread/INFO]: [OptiFine] (Reflector) Method not present: net.minecraft.tileentity.TileEntity.shouldRenderInPass
[11:08:24] [Client thread/INFO]: [OptiFine] (Reflector) Method not present: net.minecraft.client.renderer.tileentity.TileEntityRendererDispatcher.preDrawBatch
[11:08:24] [Client thread/INFO]: [OptiFine] (Reflector) Method not present: net.minecraft.client.renderer.tileentity.TileEntityRendererDispatcher.drawBatch
[11:08:24] [Client thread/INFO]: [OptiFine] (Reflector) Method not present: net.minecraft.client.renderer.vertex.VertexFormatElement$EnumUsage.preDraw
[11:08:24] [Client thread/INFO]: [OptiFine] (Reflector) Method not present: net.minecraft.client.renderer.vertex.VertexFormatElement$EnumUsage.postDraw
[11:08:24] [Client thread/INFO]: [OptiFine] (Reflector) Method not present: net.minecraft.world.World.countEntities
[11:08:24] [Client thread/INFO]: [OptiFine] (Reflector) Method not present: net.minecraft.world.World.getPerWorldStorage
[11:08:24] [Client thread/INFO]: [OptiFine] (Reflector) Method not present: net.minecraft.world.WorldProvider.getCloudRenderer
[11:08:24] [Client thread/INFO]: [OptiFine] (Reflector) Method not present: net.minecraft.world.WorldProvider.getSkyRenderer
[11:08:24] [Client thread/INFO]: [OptiFine] (Reflector) Method not present: net.minecraft.world.WorldProvider.getWeatherRenderer
[11:08:24] [Client thread/INFO]: [OptiFine] (Reflector) Class not present: net.minecraftforge.fml.client.GuiModList
[11:08:24] [Client thread/INFO]: [OptiFine] (Reflector) Class not present: net.minecraftforge.client.model.IColoredBakedQuad
[11:08:24] [Client thread/INFO]: [OptiFine] (Reflector) Class not present: net.minecraftforge.common.property.IExtendedBlockState
[11:08:24] [Client thread/INFO]: [OptiFine] (Reflector) Class not present: net.minecraftforge.client.IRenderHandler
[11:08:24] [Client thread/INFO]: [OptiFine] (Reflector) Class not present: net.minecraftforge.client.model.ISmartBlockModel
[11:08:24] [Client thread/INFO]: [OptiFine] (Reflector) Class not present: net.minecraftforge.client.ItemModelMesherForge
[11:08:24] [Client thread/INFO]: [OptiFine] (Reflector) Class not present: net.minecraft.launchwrapper.Launch
[11:08:24] [Client thread/INFO]: [OptiFine] (Reflector) Class not present: net.minecraftforge.client.model.pipeline.LightUtil
[11:08:24] [Client thread/INFO]: [OptiFine] (Reflector) Class not present: net.minecraftforge.common.MinecraftForge
[11:08:24] [Client thread/INFO]: [OptiFine] (Reflector) Class not present: net.minecraftforge.client.MinecraftForgeClient
[11:08:24] [Client thread/INFO]: [OptiFine] (Reflector) Class not present: net.minecraftforge.client.model.ModelLoader
[11:08:24] [Client thread/INFO]: [OptiFine] (Reflector) Class not present: net.minecraftforge.client.event.RenderBlockOverlayEvent$OverlayType
[11:08:24] [Client thread/INFO]: [OptiFine] (Reflector) Class not present: net.minecraftforge.fml.client.registry.RenderingRegistry
[11:08:24] [Client thread/INFO]: [OptiFine] (Reflector) Class not present: net.minecraftforge.client.event.RenderItemInFrameEvent
[11:08:24] [Client thread/INFO]: [OptiFine] (Reflector) Class not present: net.minecraftforge.client.event.RenderLivingEvent$Pre
[11:08:24] [Client thread/INFO]: [OptiFine] (Reflector) Class not present: net.minecraftforge.client.event.RenderLivingEvent$Post
[11:08:24] [Client thread/INFO]: [OptiFine] (Reflector) Class not present: net.minecraftforge.client.event.RenderLivingEvent$Specials$Pre
[11:08:24] [Client thread/INFO]: [OptiFine] (Reflector) Class not present: net.minecraftforge.client.event.RenderLivingEvent$Specials$Post
[11:08:24] [Client thread/INFO]: [OptiFine] (Reflector) Class not present: net.minecraftforge.fml.client.SplashProgress
[11:08:24] [Client thread/INFO]: [OptiFine] (Reflector) Class not present: net.minecraftforge.event.world.WorldEvent$Load
[11:08:24] [Client thread/INFO]: [OptiFine] *** Reflector Vanilla ***
[11:08:24] [Client thread/INFO]: [OptiFine] (Reflector) Class not present: net.optifine.OptiFineClassTransformer
[11:08:24] [Client thread/INFO]: LWJGL Version: 2.9.4
[11:08:24] [Client thread/INFO]: [OptiFine] 
[11:08:24] [Client thread/INFO]: [OptiFine] OptiFine_1.8.8_HD_U_H8
[11:08:24] [Client thread/INFO]: [OptiFine] Build: null
[11:08:24] [Client thread/INFO]: [OptiFine] OS: Windows 11 (amd64) version 10.0
[11:08:24] [Client thread/INFO]: [OptiFine] Java: 1.8.0_462, Temurin
[11:08:24] [Client thread/INFO]: [OptiFine] VM: OpenJDK 64-Bit Server VM (mixed mode), Temurin
[11:08:24] [Client thread/INFO]: [OptiFine] LWJGL: 2.9.4
[11:08:24] [Client thread/INFO]: [OptiFine] OpenGL: NVIDIA GeForce GTX 1060 6GB/PCIe/SSE2, version 4.6.0 NVIDIA 581.15, NVIDIA Corporation
[11:08:24] [Client thread/INFO]: [OptiFine] OpenGL Version: 4.6.0
[11:08:24] [Client thread/INFO]: [OptiFine] Maximum texture size: 32768x32768
[11:08:24] [Thread-6/INFO]: [OptiFine] Checking for new version
[11:08:24] [Client thread/INFO]: [Shaders] ShadersMod version: 2.4.12
[11:08:24] [Client thread/INFO]: [Shaders] OpenGL Version: 4.6.0 NVIDIA 581.15
[11:08:24] [Client thread/INFO]: [Shaders] Vendor:  NVIDIA Corporation
[11:08:24] [Client thread/INFO]: [Shaders] Renderer: NVIDIA GeForce GTX 1060 6GB/PCIe/SSE2
[11:08:24] [Client thread/INFO]: [Shaders] Capabilities:  2.0  2.1  3.0  3.2  4.0 
[11:08:24] [Client thread/INFO]: [Shaders] GL_MAX_DRAW_BUFFERS: 8
[11:08:24] [Client thread/INFO]: [Shaders] GL_MAX_COLOR_ATTACHMENTS_EXT: 8
[11:08:24] [Client thread/INFO]: [Shaders] GL_MAX_TEXTURE_IMAGE_UNITS: 32
[11:08:24] [Client thread/INFO]: [Shaders] Load ShadersMod configuration.
[11:08:24] [Client thread/INFO]: [Shaders] Save ShadersMod configuration.
[11:08:24] [Client thread/INFO]: [Shaders] No shaderpack loaded.
[11:08:24] [Client thread/INFO]: Reloading ResourceManager: Default
[11:08:24] [Client thread/INFO]: [OptiFine] *** Reloading textures ***
[11:08:24] [Client thread/INFO]: [OptiFine] Resource packs: Default
[11:08:25] [Client thread/ERROR]: Couldn't initialize twitch stream
[11:08:25] [Client thread/WARN]: File minecraft:sounds/daun/chris.ogg does not exist, cannot add it to event minecraft:daun.chris
[11:08:25] [Sound Library Loader/INFO]: Starting up SoundSystem...
[11:08:25] [Thread-6/INFO]: [OptiFine] Version found: I7
[11:08:25] [Thread-7/INFO]: Initializing LWJGL OpenAL
[11:08:25] [Thread-7/INFO]: (The LWJGL binding of OpenAL.  For more information, see http://www.lwjgl.org)
[11:08:25] [Thread-7/INFO]: OpenAL initialized.
[11:08:25] [Sound Library Loader/INFO]: Sound engine started
[11:08:26] [Client thread/INFO]: [OptiFine] Mipmap levels: 4
[11:08:26] [Client thread/INFO]: [OptiFine] Multitexture: false
[11:08:26] [Client thread/INFO]: [OptiFine] ConnectedTextures: mcpatcher/ctm/default/0_glass_white/glass_pane_white.properties
[11:08:26] [Client thread/INFO]: [OptiFine] ConnectedTextures: mcpatcher/ctm/default/0_glass_white/glass_white.properties
[11:08:26] [Client thread/INFO]: [OptiFine] ConnectedTextures: mcpatcher/ctm/default/10_glass_purple/glass_pane_purple.properties
[11:08:26] [Client thread/INFO]: [OptiFine] ConnectedTextures: mcpatcher/ctm/default/10_glass_purple/glass_purple.properties
[11:08:26] [Client thread/INFO]: [OptiFine] ConnectedTextures: mcpatcher/ctm/default/11_glass_blue/glass_blue.properties
[11:08:26] [Client thread/INFO]: [OptiFine] ConnectedTextures: mcpatcher/ctm/default/11_glass_blue/glass_pane_blue.properties
[11:08:26] [Client thread/INFO]: [OptiFine] ConnectedTextures: mcpatcher/ctm/default/12_glass_brown/glass_brown.properties
[11:08:26] [Client thread/INFO]: [OptiFine] ConnectedTextures: mcpatcher/ctm/default/12_glass_brown/glass_pane_brown.properties
[11:08:26] [Client thread/INFO]: [OptiFine] ConnectedTextures: mcpatcher/ctm/default/13_glass_green/glass_green.properties
[11:08:26] [Client thread/INFO]: [OptiFine] ConnectedTextures: mcpatcher/ctm/default/13_glass_green/glass_pane_green.properties
[11:08:26] [Client thread/INFO]: [OptiFine] ConnectedTextures: mcpatcher/ctm/default/14_glass_red/glass_pane_red.properties
[11:08:26] [Client thread/INFO]: [OptiFine] ConnectedTextures: mcpatcher/ctm/default/14_glass_red/glass_red.properties
[11:08:26] [Client thread/INFO]: [OptiFine] ConnectedTextures: mcpatcher/ctm/default/15_glass_black/glass_black.properties
[11:08:26] [Client thread/INFO]: [OptiFine] ConnectedTextures: mcpatcher/ctm/default/15_glass_black/glass_pane_black.properties
[11:08:26] [Client thread/INFO]: [OptiFine] ConnectedTextures: mcpatcher/ctm/default/1_glass_orange/glass_orange.properties
[11:08:26] [Client thread/INFO]: [OptiFine] ConnectedTextures: mcpatcher/ctm/default/1_glass_orange/glass_pane_orange.properties
[11:08:26] [Client thread/INFO]: [OptiFine] ConnectedTextures: mcpatcher/ctm/default/2_glass_magenta/glass_magenta.properties
[11:08:26] [Client thread/INFO]: [OptiFine] ConnectedTextures: mcpatcher/ctm/default/2_glass_magenta/glass_pane_magenta.properties
[11:08:26] [Client thread/INFO]: [OptiFine] ConnectedTextures: mcpatcher/ctm/default/3_glass_light_blue/glass_light_blue.properties
[11:08:26] [Client thread/INFO]: [OptiFine] ConnectedTextures: mcpatcher/ctm/default/3_glass_light_blue/glass_pane_light_blue.properties
[11:08:26] [Client thread/INFO]: [OptiFine] ConnectedTextures: mcpatcher/ctm/default/4_glass_yellow/glass_pane_yellow.properties
[11:08:26] [Client thread/INFO]: [OptiFine] ConnectedTextures: mcpatcher/ctm/default/4_glass_yellow/glass_yellow.properties
[11:08:26] [Client thread/INFO]: [OptiFine] ConnectedTextures: mcpatcher/ctm/default/5_glass_lime/glass_lime.properties
[11:08:26] [Client thread/INFO]: [OptiFine] ConnectedTextures: mcpatcher/ctm/default/5_glass_lime/glass_pane_lime.properties
[11:08:26] [Client thread/INFO]: [OptiFine] ConnectedTextures: mcpatcher/ctm/default/6_glass_pink/glass_pane_pink.properties
[11:08:26] [Client thread/INFO]: [OptiFine] ConnectedTextures: mcpatcher/ctm/default/6_glass_pink/glass_pink.properties
[11:08:26] [Client thread/INFO]: [OptiFine] ConnectedTextures: mcpatcher/ctm/default/7_glass_gray/glass_gray.properties
[11:08:26] [Client thread/INFO]: [OptiFine] ConnectedTextures: mcpatcher/ctm/default/7_glass_gray/glass_pane_gray.properties
[11:08:26] [Client thread/INFO]: [OptiFine] ConnectedTextures: mcpatcher/ctm/default/8_glass_silver/glass_pane_silver.properties
[11:08:26] [Client thread/INFO]: [OptiFine] ConnectedTextures: mcpatcher/ctm/default/8_glass_silver/glass_silver.properties
[11:08:26] [Client thread/INFO]: [OptiFine] ConnectedTextures: mcpatcher/ctm/default/9_glass_cyan/glass_cyan.properties
[11:08:26] [Client thread/INFO]: [OptiFine] ConnectedTextures: mcpatcher/ctm/default/9_glass_cyan/glass_pane_cyan.properties
[11:08:26] [Client thread/INFO]: [OptiFine] ConnectedTextures: mcpatcher/ctm/default/bookshelf.properties
[11:08:26] [Client thread/INFO]: [OptiFine] ConnectedTextures: mcpatcher/ctm/default/glass.properties
[11:08:26] [Client thread/INFO]: [OptiFine] ConnectedTextures: mcpatcher/ctm/default/glasspane.properties
[11:08:26] [Client thread/INFO]: [OptiFine] ConnectedTextures: mcpatcher/ctm/default/sandstone.properties
[11:08:26] [Client thread/INFO]: [OptiFine] Multipass connected textures: false
[11:08:26] [Client thread/INFO]: Created: 1024x512 textures-atlas
[11:08:27] [Client thread/INFO]: [OptiFine] *** Reloading custom textures ***
[11:08:27] [Client thread/INFO]: [OptiFine] Enable face culling: acacia_leaves, birch_leaves, dark_oak_leaves, jungle_leaves, oak_leaves, spruce_leaves
[11:08:32] [Client thread/WARN]: Unable to play unknown soundEvent: minecraft:music.menu
[11:08:39] [Client thread/WARN]: Unable to play unknown soundEvent: minecraft:gui.button.press
[11:08:40] [Client thread/WARN]: Unable to play unknown soundEvent: minecraft:gui.button.press
[11:08:41] [Client thread/WARN]: Unable to play unknown soundEvent: minecraft:gui.button.press
[11:08:43] [Client thread/WARN]: Unable to play unknown soundEvent: minecraft:gui.button.press
[11:08:54] [Client thread/WARN]: Unable to play unknown soundEvent: minecraft:music.menu
[11:09:05] [Client thread/WARN]: Unable to play unknown soundEvent: minecraft:music.menu
[11:09:07] [Client thread/WARN]: Unable to play unknown soundEvent: minecraft:gui.button.press
[11:09:10] [Client thread/WARN]: Unable to play unknown soundEvent: minecraft:gui.button.press
[11:09:11] [Client thread/WARN]: Unable to play unknown soundEvent: minecraft:gui.button.press
[11:09:11] [Client thread/WARN]: Unable to play unknown soundEvent: minecraft:gui.button.press
[11:09:13] [Client thread/WARN]: Unable to play unknown soundEvent: minecraft:gui.button.press
[11:09:14] [Client thread/WARN]: Unable to play unknown soundEvent: minecraft:gui.button.press
[11:09:14] [Client thread/WARN]: Unable to play unknown soundEvent: minecraft:gui.button.press
[11:09:15] [Client thread/WARN]: Unable to play unknown soundEvent: minecraft:gui.button.press
[11:09:18] [Client thread/WARN]: Unable to play unknown soundEvent: minecraft:gui.button.press
[11:09:19] [Client thread/WARN]: Unable to play unknown soundEvent: minecraft:gui.button.press
[11:09:20] [Client thread/WARN]: Unable to play unknown soundEvent: minecraft:gui.button.press
[11:09:21] [Client thread/WARN]: Unable to play unknown soundEvent: minecraft:gui.button.press
[11:09:21] [Client thread/WARN]: Unable to play unknown soundEvent: minecraft:gui.button.press
[11:09:22] [Client thread/WARN]: Unable to play unknown soundEvent: minecraft:gui.button.press
[11:09:22] [Client thread/WARN]: Unable to play unknown soundEvent: minecraft:gui.button.press
[11:09:23] [Client thread/WARN]: Unable to play unknown soundEvent: minecraft:gui.button.press
[11:09:24] [Client thread/WARN]: Unable to play unknown soundEvent: minecraft:gui.button.press
[11:09:24] [Server thread/INFO]: Starting integrated minecraft server version 1.8.8
[11:09:24] [Server thread/INFO]: Generating keypair
[11:09:24] [Server thread/INFO]: Converting map!
[11:09:24] [Server thread/INFO]: Scanning folders...
[11:09:24] [Server thread/INFO]: Total conversion count is 0
[11:09:24] [Server thread/INFO]: Preparing start region for level 0
[11:09:25] [Server thread/ERROR]: Encountered an unexpected exception
net.minecraft.util.ReportedException: Exception ticking world
	at net.minecraft.server.MinecraftServer.updateTimeLightAndEntities(MinecraftServer.java:686) ~[Novoline-main/:?]
	at net.minecraft.server.MinecraftServer.tick(MinecraftServer.java:615) ~[Novoline-main/:?]
	at net.minecraft.server.integrated.IntegratedServer.tick(IntegratedServer.java:204) ~[Novoline-main/:?]
	at net.minecraft.server.MinecraftServer.run(MinecraftServer.java:523) [Novoline-main/:?]
	at java.lang.Thread.run(Thread.java:750) [?:1.8.0_462]
Caused by: java.lang.NullPointerException
	at net.minecraft.world.storage.WorldInfo.setWorldTime(WorldInfo.java:426) ~[Novoline-main/:?]
	at net.minecraft.world.WorldServer.tick(WorldServer.java:174) ~[Novoline-main/:?]
	at net.optifine.WorldServerOF.tick(WorldServerOF.java:25) ~[Novoline-main/:?]
	at net.minecraft.server.MinecraftServer.updateTimeLightAndEntities(MinecraftServer.java:682) ~[Novoline-main/:?]
	... 4 more
[11:09:26] [Server thread/ERROR]: This crash report has been saved to: D:\Novoline-main\.\crash-reports\crash-2025-08-31_11.09.25-server.txt
[11:09:26] [Server thread/INFO]: Stopping server
[11:09:26] [Server thread/INFO]: Saving players
[11:09:26] [Server thread/INFO]: Saving worlds
[11:09:26] [Server thread/INFO]: Saving chunks for level 'New World'/Overworld
[11:09:26] [Client thread/FATAL]: Unreported exception thrown!
java.lang.NullPointerException
	at cc.novoline.Novoline.onDisable(Novoline.java:89) ~[Novoline-main/:?]
	at net.minecraft.client.Minecraft.displayCrashReport(Minecraft.java:698) ~[Novoline-main/:?]
	at net.minecraft.client.Minecraft.run(Minecraft.java:483) [Novoline-main/:?]
	at net.minecraft.client.main.Main.main(Main.java:127) [Novoline-main/:?]
	at Start.main(Start.java:14) [Novoline-main/:?]
[11:09:26] [Server thread/INFO]: Saving chunks for level 'New World'/Nether
[11:09:26] [Server thread/INFO]: Saving chunks for level 'New World'/The End
